<?xml version="1.0" encoding="UTF-8"?>
<!-- Generated by org.testng.reporters.JUnitReportReporter -->
<testsuite hostname="DESKTOP-B8DET8C" failures="0" tests="5" name="handling_Elements.Link" time="23.216" errors="0" timestamp="30 Dec 2021 06:25:31 GMT" skipped="4">
  <testcase classname="handling_Elements.Link" name="link5" time="23.216"/>
  <testcase classname="handling_Elements.Link" name="link4">
    <skipped/>
  </testcase> <!-- link4 -->
  <testcase classname="handling_Elements.Link" name="link3">
    <skipped/>
  </testcase> <!-- link3 -->
  <testcase classname="handling_Elements.Link" name="link2">
    <skipped/>
  </testcase> <!-- link2 -->
  <testcase classname="handling_Elements.Link" name="link1">
    <skipped/>
  </testcase> <!-- link1 -->
</testsuite> <!-- handling_Elements.Link -->
