<?xml version="1.0" encoding="UTF-8"?>
<!-- Generated by org.testng.reporters.JUnitReportReporter -->
<testsuite hostname="DESKTOP-B8DET8C" failures="0" tests="3" name="handling_Elements.Image" time="17.800" errors="0" timestamp="30 Dec 2021 06:54:18 GMT" skipped="2">
  <testcase classname="handling_Elements.Image" name="image3" time="17.800"/>
  <testcase classname="handling_Elements.Image" name="image2">
    <skipped/>
  </testcase> <!-- image2 -->
  <testcase classname="handling_Elements.Image" name="image1">
    <skipped/>
  </testcase> <!-- image1 -->
</testsuite> <!-- handling_Elements.Image -->
