<?xml version="1.0" encoding="UTF-8"?>
<!-- Generated by org.testng.reporters.JUnitReportReporter -->
<testsuite hostname="DESKTOP-B8DET8C" failures="0" tests="1" name="handling_Elements.Drag_drop" time="47.841" errors="0" timestamp="03 Jan 2022 06:45:23 GMT" skipped="0">
  <testcase classname="handling_Elements.Drag_drop" name="dragdrop" time="47.841"/>
</testsuite> <!-- handling_Elements.Drag_drop -->

