<?xml version="1.0" encoding="UTF-8"?>
<!-- Generated by org.testng.reporters.JUnitReportReporter -->
<testsuite hostname="DESKTOP-B8DET8C" failures="0" tests="4" name="handling_Elements.Button" time="63.851" errors="0" timestamp="30 Dec 2021 05:52:57 GMT" skipped="3">
  <testcase classname="handling_Elements.Button" name="button4" time="63.851"/>
  <testcase classname="handling_Elements.Button" name="button2">
    <skipped/>
  </testcase> <!-- button2 -->
  <testcase classname="handling_Elements.Button" name="button1">
    <skipped/>
  </testcase> <!-- button1 -->
  <testcase classname="handling_Elements.Button" name="button3">
    <skipped/>
  </testcase> <!-- button3 -->
</testsuite> <!-- handling_Elements.Button -->
