<?xml version="1.0" encoding="UTF-8"?>
<!-- Generated by org.testng.reporters.JUnitReportReporter -->
<testsuite hostname="DESKTOP-B8DET8C" failures="0" tests="1" name="handling_Elements.Dragdrop_ex" time="20.012" errors="0" timestamp="03 Jan 2022 07:05:15 GMT" skipped="0">
  <testcase classname="handling_Elements.Dragdrop_ex" name="dragdrop" time="20.012"/>
</testsuite> <!-- handling_Elements.Dragdrop_ex -->
