<?xml version="1.0" encoding="UTF-8"?>
<!-- Generated by org.testng.reporters.JUnitReportReporter -->
<testsuite hostname="DESKTOP-B8DET8C" failures="0" tests="1" name="handling_Elements.Window" time="10.148" errors="0" timestamp="03 Jan 2022 05:07:50 GMT" skipped="0">
  <testcase classname="handling_Elements.Window" name="windows" time="10.148"/>
</testsuite> <!-- handling_Elements.Window -->
