<?xml version="1.0" encoding="UTF-8"?>
<!-- Generated by org.testng.reporters.JUnitReportReporter -->
<testsuite hostname="DESKTOP-B8DET8C" failures="0" tests="1" name="handling_Elements.Dropdown" time="29.115" errors="0" timestamp="03 Jan 2022 19:37:42 GMT" skipped="0">
  <testcase classname="handling_Elements.Dropdown" name="checkbox1" time="29.115"/>
</testsuite> <!-- handling_Elements.Dropdown -->
