<?xml version="1.0" encoding="UTF-8"?>
<!-- Generated by org.testng.reporters.JUnitReportReporter -->
<testsuite hostname="DESKTOP-B8DET8C" failures="0" tests="1" name="handling_Elements.UnorderedList" time="15.938" errors="0" timestamp="03 Jan 2022 08:13:50 GMT" skipped="0">
  <testcase classname="handling_Elements.UnorderedList" name="unordered_list" time="15.938"/>
</testsuite> <!-- handling_Elements.UnorderedList -->
