<?xml version="1.0" encoding="UTF-8"?>
<!-- Generated by org.testng.reporters.JUnitReportReporter -->
<testsuite hostname="DESKTOP-B8DET8C" failures="0" tests="3" name="handling_Elements.RadioButton" time="12.430" errors="0" timestamp="30 Dec 2021 08:11:42 GMT" skipped="2">
  <testcase classname="handling_Elements.RadioButton" name="radiobutton3" time="12.430"/>
  <testcase classname="handling_Elements.RadioButton" name="radiobutton1">
    <skipped/>
  </testcase> <!-- radiobutton1 -->
  <testcase classname="handling_Elements.RadioButton" name="radiobutton2">
    <skipped/>
  </testcase> <!-- radiobutton2 -->
</testsuite> <!-- handling_Elements.RadioButton -->
