<?xml version="1.0" encoding="UTF-8"?>
<!-- Generated by org.testng.reporters.JUnitReportReporter -->
<testsuite hostname="DESKTOP-B8DET8C" failures="0" tests="1" name="handling_Elements.Ordered_list" time="10.482" errors="0" timestamp="03 Jan 2022 07:55:55 GMT" skipped="0">
  <testcase classname="handling_Elements.Ordered_list" name="orderedlist" time="10.482"/>
</testsuite> <!-- handling_Elements.Ordered_list -->
