<?xml version="1.0" encoding="UTF-8"?>
<!-- Generated by org.testng.reporters.JUnitReportReporter -->
<testsuite hostname="DESKTOP-B8DET8C" failures="0" tests="1" name="handling_Elements.test1" time="23.700" errors="0" timestamp="03 Jan 2022 06:16:34 GMT" skipped="0">
  <testcase classname="handling_Elements.test1" name="testleaf" time="23.700"/>
</testsuite> <!-- handling_Elements.test1 -->
