<?xml version="1.0" encoding="UTF-8"?>
<!-- Generated by org.testng.reporters.JUnitReportReporter -->
<testsuite hostname="DESKTOP-B8DET8C" failures="0" tests="1" name="handling_Elements.Alert" time="14.834" errors="0" timestamp="06 Jan 2022 08:37:10 GMT" skipped="0">
  <testcase classname="handling_Elements.Alert" name="popup" time="14.834"/>
</testsuite> <!-- handling_Elements.Alert -->
