<?xml version="1.0" encoding="UTF-8"?>
<!-- Generated by org.testng.reporters.JUnitReportReporter -->
<testsuite hostname="DESKTOP-B8DET8C" failures="0" tests="1" name="amazon.RegistrationPage" time="92.367" errors="0" timestamp="09 Jan 2022 14:26:48 GMT" skipped="0">
  <testcase classname="amazon.RegistrationPage" name="registraion" time="92.367"/>
</testsuite> <!-- amazon.RegistrationPage -->
