<?xml version="1.0" encoding="UTF-8"?>
<!-- Generated by org.testng.reporters.JUnitReportReporter -->
<testsuite hostname="DESKTOP-B8DET8C" failures="0" tests="1" name="handling_Elements.Get_Text" time="17.167" errors="0" timestamp="03 Jan 2022 06:58:27 GMT" skipped="0">
  <testcase classname="handling_Elements.Get_Text" name="gettext" time="17.167"/>
</testsuite> <!-- handling_Elements.Get_Text -->
